[INFO   ] [deps        ] Successfully imported "kivy_deps.angle" 0.4.0
[INFO   ] [deps        ] Successfully imported "kivy_deps.glew" 0.3.1
[INFO   ] [deps        ] Successfully imported "kivy_deps.sdl2" 0.8.0
[INFO   ] [Kivy        ] v2.3.1
[INFO   ] [Kivy        ] Installed at "C:\Users\Brian\AppData\Roaming\Python\Python313\site-packages\kivy\__init__.py"
[INFO   ] [Python      ] v3.13.5 (tags/v3.13.5:6cb20a2, Jun 11 2025, 16:15:46) [MSC v.1943 64 bit (AMD64)]
[INFO   ] [Python      ] Interpreter at "C:\Python313\python.exe"
[INFO   ] [Logger      ] Purge log fired. Processing...
[INFO   ] [Logger      ] Purge finished!
[INFO   ] [Factory     ] 195 symbols loaded
[INFO   ] [Image       ] Providers: img_tex, img_dds, img_sdl2, img_pil (img_ffpyplayer ignored)
[INFO   ] [Text        ] Provider: sdl2
[INFO   ] [Window      ] Provider: sdl2
[INFO   ] [GL          ] Using the "OpenGL" graphics system
[INFO   ] [GL          ] GLEW initialization succeeded
[INFO   ] [GL          ] Backend used <glew>
[INFO   ] [GL          ] OpenGL version <b'4.6.0 Compatibility Profile Context 24.3.1.240216'>
[INFO   ] [GL          ] OpenGL vendor <b'ATI Technologies Inc.'>
[INFO   ] [GL          ] OpenGL renderer <b'AMD Radeon (TM) Graphics'>
[INFO   ] [GL          ] OpenGL parsed version: 4, 6
[INFO   ] [GL          ] Shading version <b'4.60'>
[INFO   ] [GL          ] Texture max size <16384>
[INFO   ] [GL          ] Texture max units <32>
[INFO   ] [Window      ] auto add sdl2 input provider
[INFO   ] [Window      ] virtual keyboard not allowed, single mode, not docked
[DEBUG  ] CoInitializeEx(None, 2)
[INFO   ] Imported existing <module 'comtypes.gen' from 'C:\\Users\\Brian\\AppData\\Roaming\\Python\\Python313\\site-packages\\comtypes\\gen\\__init__.py'>
[INFO   ] [Using writeable comtypes cache directory] 'C:\Users\Brian\AppData\Roaming\Python\Python313\site-packages\comtypes\gen'
[DEBUG  ] SAPI.SPVoice -> {96749377-3391-11D2-9EE3-00C04F797396}
[DEBUG  ] CoCreateInstance({96749377-3391-11D2-9EE3-00C04F797396}, clsctx=None, interface=None)
[DEBUG  ] GetBestInterface(<POINTER(IUnknown) ptr=0x1db5c61b8a0 at 1db6c61f150>)
[DEBUG  ] Does implement IProvideClassInfo
[DEBUG  ] Default interface is {269316D8-57BD-11D2-9EEE-00C04F797396}
[DEBUG  ] Release <POINTER(IUnknown) ptr=0x1db5c61b8e0 at 1db6c61fe50>
[DEBUG  ] GetModule(TLIBATTR(GUID={C866CA3A-32F7-11D2-9602-00C04F8EE628}, Version=5.4, LCID=0, FLags=0x8))
[DEBUG  ] Implements default interface from typeinfo <class 'comtypes.gen._C866CA3A_32F7_11D2_9602_00C04F8EE628_0_5_4.ISpeechVoice'>
[DEBUG  ] Final result is <POINTER(ISpeechVoice) ptr=0x1db5c61b8e0 at 1db6c6880d0>
[DEBUG  ] Release <POINTER(IProvideClassInfo) ptr=0x1db5c61b900 at 1db6c61f9d0>
[DEBUG  ] Release <POINTER(ITypeInfo) ptr=0x1db5ee47c48 at 1db6c61fb50>
[DEBUG  ] <POINTER(ISpeechVoice) ptr=0x1db5c61b8e0 at 1db6c6880d0> using sinkinterface from clsid <class 'comtypes.gen._C866CA3A_32F7_11D2_9602_00C04F8EE628_0_5_4._ISpeechVoiceEvents'>
[DEBUG  ] Release <POINTER(IProvideClassInfo2) ptr=0x1db5c61b900 at 1db6c61fad0>
[DEBUG  ] [<comtypes.client._events.CreateEventReceiver.<locals>.Sink object at 0x000001DB6C12DBE0>          ] _ISpeechVoiceEvents.VoiceChange not implemented
[DEBUG  ] [<comtypes.client._events.CreateEventReceiver.<locals>.Sink object at 0x000001DB6C12DBE0>          ] _ISpeechVoiceEvents.Bookmark not implemented
[DEBUG  ] [<comtypes.client._events.CreateEventReceiver.<locals>.Sink object at 0x000001DB6C12DBE0>          ] _ISpeechVoiceEvents.Sentence not implemented
[DEBUG  ] [<comtypes.client._events.CreateEventReceiver.<locals>.Sink object at 0x000001DB6C12DBE0>          ] _ISpeechVoiceEvents.Phoneme not implemented
[DEBUG  ] [<comtypes.client._events.CreateEventReceiver.<locals>.Sink object at 0x000001DB6C12DBE0>          ] _ISpeechVoiceEvents.Viseme not implemented
[DEBUG  ] [<comtypes.client._events.CreateEventReceiver.<locals>.Sink object at 0x000001DB6C12DBE0>          ] _ISpeechVoiceEvents.AudioLevel not implemented
[DEBUG  ] [<comtypes.client._events.CreateEventReceiver.<locals>.Sink object at 0x000001DB6C12DBE0>          ] _ISpeechVoiceEvents.EnginePrivate not implemented
[DEBUG  ] Start advise <class 'comtypes.gen._C866CA3A_32F7_11D2_9602_00C04F8EE628_0_5_4._ISpeechVoiceEvents'>
[DEBUG  ] <comtypes.client._events.CreateEventReceiver.<locals>.Sink object at 0x000001DB6C12DBE0>.QueryInterface({A372ACD1-3BEF-4BBD-8FFB-CB3E2B416AF8}) -> S_OK
[DEBUG  ] [1 active COM objects] Added   <comtypes.client._events.CreateEventReceiver.<locals>.Sink object at 0x000001DB6C12DBE0>
[DEBUG  ] <comtypes.client._events.CreateEventReceiver.<locals>.Sink object at 0x000001DB6C12DBE0>.AddRef() -> 1
[DEBUG  ] Release <POINTER(IConnectionPointContainer) ptr=0x1db5c61b908 at 1db6c182b50>
[DEBUG  ] wrap_outparam(<POINTER(ISpeechObjectToken) ptr=0x1db6c6f2530 at 1db6bfea2d0>)
[DEBUG  ] wrap_outparam(<POINTER(ISpeechObjectTokens) ptr=0x1db6c6f7180 at 1db6c1827d0>)
[DEBUG  ] Release <POINTER(IUnknown) ptr=0x1db6c6f8160 at 1db6c6898d0>
[DEBUG  ] wrap_outparam(<POINTER(IDispatch) ptr=0x1db6c7000d0 at 1db6c689ad0>)
[DEBUG  ] GetBestInterface(<POINTER(IDispatch) ptr=0x1db6c7000d0 at 1db6c689ad0>)
[DEBUG  ] Does NOT implement IProvideClassInfo, trying IProvideClassInfo2
[DEBUG  ] Does NOT implement IProvideClassInfo/IProvideClassInfo2
[DEBUG  ] Release <POINTER(IUnknown) ptr=0x1db5ee47d50 at 1db6c689cd0>
[DEBUG  ] Default interface is {C74A3ADC-B727-4500-A84A-B526721C8B8C}
[DEBUG  ] Release <POINTER(IUnknown) ptr=0x1db6c7000d0 at 1db6c689fd0>
[DEBUG  ] GetModule(TLIBATTR(GUID={C866CA3A-32F7-11D2-9602-00C04F8EE628}, Version=5.4, LCID=0, FLags=0x8))
[DEBUG  ] Implements default interface from typeinfo <class 'comtypes.gen._C866CA3A_32F7_11D2_9602_00C04F8EE628_0_5_4.ISpeechObjectToken'>
[DEBUG  ] Final result is <POINTER(ISpeechObjectToken) ptr=0x1db6c7000d0 at 1db6c68a150>
[DEBUG  ] Release <POINTER(IDispatch) ptr=0x1db6c7000d0 at 1db6c689d50>
[DEBUG  ] Release <POINTER(IEnumVARIANT) ptr=0x1db6c6f8160 at 1db6c689850>
 Traceback (most recent call last):
   File "C:\Users\Brian\AppData\Roaming\Python\Python313\site-packages\plyer\utils.py", line 96, in _ensure_obj
     mod = __import__(module, fromlist='.')
 ModuleNotFoundError: No module named 'plyer.platforms.win.accelerometer'
 Traceback (most recent call last):
   File "C:\Users\Brian\AppData\Roaming\Python\Python313\site-packages\plyer\utils.py", line 96, in _ensure_obj
     mod = __import__(module, fromlist='.')
 ModuleNotFoundError: No module named 'plyer.platforms.win.gps'
[INFO   ] [GL          ] NPOT texture support is available
Database index creation error: 'charmap' codec can't encode character '\u2713' in position 0: character maps to <undefined>
Accelerometer init failed: 
GPS init failed: 
Calculate alternative routes error: 'charmap' codec can't encode character '\u2713' in position 0: character maps to <undefined>
[2025-10-25 20:18:43] VALIDATION ERROR: 'charmap' codec can't encode character '\u2713' in position 0: character maps to <undefined> | Context: calculate_alternative_routes
Database index creation error: 'charmap' codec can't encode character '\u2713' in position 0: character maps to <undefined>
Accelerometer init failed: 
GPS init failed: 
Calculate alternative routes error: 'charmap' codec can't encode character '\u2713' in position 0: character maps to <undefined>
[2025-10-25 20:18:43] VALIDATION ERROR: 'charmap' codec can't encode character '\u2713' in position 0: character maps to <undefined> | Context: calculate_alternative_routes
Database index creation error: 'charmap' codec can't encode character '\u2713' in position 0: character maps to <undefined>
Accelerometer init failed: 
GPS init failed: 
[2025-10-25 20:18:43] VALIDATION ERROR: Invalid coordinates in calculate_alternative_routes: Latitude must be between -90 and 90. Got 91
Database index creation error: 'charmap' codec can't encode character '\u2713' in position 0: character maps to <undefined>
Accelerometer init failed: 
GPS init failed: 
Invalid route index: 999
Database index creation error: 'charmap' codec can't encode character '\u2713' in position 0: character maps to <undefined>
Accelerometer init failed: 
GPS init failed: 
Calculate alternative routes error: 'charmap' codec can't encode character '\u2713' in position 0: character maps to <undefined>
[2025-10-25 20:18:43] VALIDATION ERROR: 'charmap' codec can't encode character '\u2713' in position 0: character maps to <undefined> | Context: calculate_alternative_routes
Database index creation error: 'charmap' codec can't encode character '\u2713' in position 0: character maps to <undefined>
Accelerometer init failed: 
GPS init failed: 
Database index creation error: 'charmap' codec can't encode character '\u2713' in position 0: character maps to <undefined>
Accelerometer init failed: 
GPS init failed: 
Submit report error: 'charmap' codec can't encode character '\u2713' in position 0: character maps to <undefined>
[2025-10-25 20:18:43] VALIDATION ERROR: 'charmap' codec can't encode character '\u2713' in position 0: character maps to <undefined> | Context: submit_report
Database index creation error: 'charmap' codec can't encode character '\u2713' in position 0: character maps to <undefined>
Accelerometer init failed: 
GPS init failed: 
Submit report error: 'charmap' codec can't encode character '\u2713' in position 0: character maps to <undefined>
[2025-10-25 20:18:43] VALIDATION ERROR: 'charmap' codec can't encode character '\u2713' in position 0: character maps to <undefined> | Context: submit_report
Submit report error: 'charmap' codec can't encode character '\u2713' in position 0: character maps to <undefined>
[2025-10-25 20:18:43] VALIDATION ERROR: 'charmap' codec can't encode character '\u2713' in position 0: character maps to <undefined> | Context: submit_report
Database index creation error: 'charmap' codec can't encode character '\u2713' in position 0: character maps to <undefined>
Accelerometer init failed: 
GPS init failed: 
Submit report error: 'charmap' codec can't encode character '\u2713' in position 0: character maps to <undefined>
[2025-10-25 20:18:43] VALIDATION ERROR: 'charmap' codec can't encode character '\u2713' in position 0: character maps to <undefined> | Context: submit_report
Database index creation error: 'charmap' codec can't encode character '\u2713' in position 0: character maps to <undefined>
Accelerometer init failed: 
GPS init failed: 
[2025-10-25 20:18:43] VALIDATION ERROR: Invalid coordinates in submit_report: Latitude must be between -90 and 90. Got 91
Database index creation error: 'charmap' codec can't encode character '\u2713' in position 0: character maps to <undefined>
Accelerometer init failed: 
GPS init failed: 
Database index creation error: 'charmap' codec can't encode character '\u2713' in position 0: character maps to <undefined>
Accelerometer init failed: 
GPS init failed: 
Database index creation error: 'charmap' codec can't encode character '\u2713' in position 0: character maps to <undefined>
Accelerometer init failed: 
GPS init failed: 
Database index creation error: 'charmap' codec can't encode character '\u2713' in position 0: character maps to <undefined>
Accelerometer init failed: 
GPS init failed: 
Database index creation error: 'charmap' codec can't encode character '\u2713' in position 0: character maps to <undefined>
Accelerometer init failed: 
GPS init failed: 
Database index creation error: 'charmap' codec can't encode character '\u2713' in position 0: character maps to <undefined>
Accelerometer init failed: 
GPS init failed: 
Database index creation error: 'charmap' codec can't encode character '\u2713' in position 0: character maps to <undefined>
Accelerometer init failed: 
GPS init failed: 
Database index creation error: 'charmap' codec can't encode character '\u2713' in position 0: character maps to <undefined>
Accelerometer init failed: 
GPS init failed: 
Database index creation error: 'charmap' codec can't encode character '\u2713' in position 0: character maps to <undefined>
Accelerometer init failed: 
GPS init failed: 
Database index creation error: 'charmap' codec can't encode character '\u2713' in position 0: character maps to <undefined>
Accelerometer init failed: 
GPS init failed: 
Download map tiles error: 'charmap' codec can't encode character '\u2713' in position 0: character maps to <undefined>
[2025-10-25 20:18:44] VALIDATION ERROR: 'charmap' codec can't encode character '\u2713' in position 0: character maps to <undefined> | Context: download_map_tiles
Database index creation error: 'charmap' codec can't encode character '\u2713' in position 0: character maps to <undefined>
Accelerometer init failed: 
GPS init failed: 
Download map tiles error: 'charmap' codec can't encode character '\u2713' in position 0: character maps to <undefined>
[2025-10-25 20:18:44] VALIDATION ERROR: 'charmap' codec can't encode character '\u2713' in position 0: character maps to <undefined> | Context: download_map_tiles
Database index creation error: 'charmap' codec can't encode character '\u2713' in position 0: character maps to <undefined>
Accelerometer init failed: 
GPS init failed: 
Download map tiles error: 'charmap' codec can't encode character '\u2713' in position 0: character maps to <undefined>
[2025-10-25 20:18:44] VALIDATION ERROR: 'charmap' codec can't encode character '\u2713' in position 0: character maps to <undefined> | Context: download_map_tiles
Database index creation error: 'charmap' codec can't encode character '\u2713' in position 0: character maps to <undefined>
Accelerometer init failed: 
GPS init failed: 
Database index creation error: 'charmap' codec can't encode character '\u2713' in position 0: character maps to <undefined>
Accelerometer init failed: 
GPS init failed: 
[2025-10-25 20:18:44] VALIDATION ERROR: Invalid coordinates in download_map_tiles: Latitude must be between -90 and 90. Got 91
Database index creation error: 'charmap' codec can't encode character '\u2713' in position 0: character maps to <undefined>
Accelerometer init failed: 
GPS init failed: 
Download map tiles error: 'charmap' codec can't encode character '\u2713' in position 0: character maps to <undefined>
[2025-10-25 20:18:44] VALIDATION ERROR: 'charmap' codec can't encode character '\u2713' in position 0: character maps to <undefined> | Context: download_map_tiles
Database index creation error: 'charmap' codec can't encode character '\u2713' in position 0: character maps to <undefined>
Accelerometer init failed: 
GPS init failed: 
Database index creation error: 'charmap' codec can't encode character '\u2713' in position 0: character maps to <undefined>
 ............F.......F.....F...
 ======================================================================
 FAIL: test_submit_report (__main__.TestCommunityReporting.test_submit_report)
 Test submitting a report.
 ----------------------------------------------------------------------
 Traceback (most recent call last):
   File "C:\Users\Brian\OneDrive\Documents\augment-projects\Voyagr\test_midterm_improvements.py", line 179, in test_submit_report
     self.assertIn('status', result)
     ~~~~~~~~~~~~~^^^^^^^^^^^^^^^^^^
 AssertionError: 'status' not found in {'error': 'Rate limit exceeded. Max 10 reports per day'}
 
 ======================================================================
 FAIL: test_download_map_tiles (__main__.TestOfflineMaps.test_download_map_tiles)
 Test downloading map tiles.
 ----------------------------------------------------------------------
 Traceback (most recent call last):
   File "C:\Users\Brian\OneDrive\Documents\augment-projects\Voyagr\test_midterm_improvements.py", line 125, in test_download_map_tiles
     self.assertIn('status', result)
     ~~~~~~~~~~~~~^^^^^^^^^^^^^^^^^^
 AssertionError: 'status' not found in {'error': "'charmap' codec can't encode character '\\u2713' in position 0: character maps to <undefined>"}
 
 ======================================================================
 FAIL: test_fetch_traffic_data (__main__.TestRealTimeTraffic.test_fetch_traffic_data)
 Test fetching traffic data.
 ----------------------------------------------------------------------
 Traceback (most recent call last):
   File "C:\Users\Brian\OneDrive\Documents\augment-projects\Voyagr\test_midterm_improvements.py", line 27, in test_fetch_traffic_data
     self.assertIn('location', result)
     ~~~~~~~~~~~~~^^^^^^^^^^^^^^^^^^^^
 AssertionError: 'location' not found in {'error': "'charmap' codec can't encode character '\\u2713' in position 0: character maps to <undefined>"}
 
 ----------------------------------------------------------------------
 Ran 30 tests in 2.443s
 
 FAILED (failures=3)
Accelerometer init failed: 
GPS init failed: 
Traffic data fetch error: 'charmap' codec can't encode character '\u2713' in position 0: character maps to <undefined>
[2025-10-25 20:18:44] VALIDATION ERROR: 'charmap' codec can't encode character '\u2713' in position 0: character maps to <undefined> | Context: fetch_traffic_data
Database index creation error: 'charmap' codec can't encode character '\u2713' in position 0: character maps to <undefined>
Accelerometer init failed: 
GPS init failed: 
Database index creation error: 'charmap' codec can't encode character '\u2713' in position 0: character maps to <undefined>
Accelerometer init failed: 
GPS init failed: 
[2025-10-25 20:18:45] VALIDATION ERROR: Invalid coordinates in fetch_traffic_data: Latitude must be between -90 and 90. Got 91
Database index creation error: 'charmap' codec can't encode character '\u2713' in position 0: character maps to <undefined>
Accelerometer init failed: 
GPS init failed: 
Traffic data fetch error: 'charmap' codec can't encode character '\u2713' in position 0: character maps to <undefined>
[2025-10-25 20:18:45] VALIDATION ERROR: 'charmap' codec can't encode character '\u2713' in position 0: character maps to <undefined> | Context: fetch_traffic_data
Traffic data fetch error: 'charmap' codec can't encode character '\u2713' in position 0: character maps to <undefined>
[2025-10-25 20:18:45] VALIDATION ERROR: 'charmap' codec can't encode character '\u2713' in position 0: character maps to <undefined> | Context: fetch_traffic_data
[DEBUG  ] Calling CoUninitialize()
[DEBUG  ] CoUninitialize() done.
